<?xml version="1.0" encoding="UTF-8"?>
<robot generator="Robot 6.0 (Python 3.10.5 on linux)" generated="20221103 01:44:32.928" rpa="false" schemaversion="3">
<suite id="s1" name="Src" source="/src">
<suite id="s1-s1" name="Login Tests" source="/src/login_tests">
<suite id="s1-s1-s1" name="Gherkin Login" source="/src/login_tests/gherkin_login.robot">
<test id="s1-s1-s1-t1" name="Valid Login" line="10">
<kw name="Given browser is opened to login page">
<kw name="Open Browser To Login Page" library="resource">
<kw name="Open Browser" library="SeleniumLibrary">
<arg>${LOGIN URL}</arg>
<arg>${BROWSER}</arg>
<arg>options=add_argument("--remote-debugging-port=9515");add_argument("--disable-web-shm-using");add_argument("--no-sandbox");add_argument("--disable-popup-blocking"); add_argument("--ignore-certificate-errors")</arg>
<doc>Opens a new browser instance to the optional ``url``.</doc>
<msg timestamp="20221103 01:44:34.273" level="INFO">Opening browser 'Chrome' to base url 'http://google.com/'.</msg>
<msg timestamp="20221103 01:44:35.994" level="INFO">Cannot capture screenshot because no browser is open.</msg>
<msg timestamp="20221103 01:44:35.996" level="FAIL">WebDriverException: Message: unknown error: Chrome failed to start: exited abnormally.
  (chrome not reachable)
  (The process started from chrome location /usr/lib/chromium/chrome is no longer running, so ChromeDriver is assuming that Chrome has crashed.)
</msg>
<status status="FAIL" starttime="20221103 01:44:34.266" endtime="20221103 01:44:36.005"/>
</kw>
<kw name="Maximize Browser Window" library="SeleniumLibrary">
<doc>Maximizes current browser window.</doc>
<status status="NOT RUN" starttime="20221103 01:44:36.006" endtime="20221103 01:44:36.007"/>
</kw>
<kw name="Set Selenium Speed" library="SeleniumLibrary">
<arg>${DELAY}</arg>
<doc>Sets the delay that is waited after each Selenium command.</doc>
<status status="NOT RUN" starttime="20221103 01:44:36.007" endtime="20221103 01:44:36.008"/>
</kw>
<kw name="Login Page Should Be Open" library="resource">
<status status="NOT RUN" starttime="20221103 01:44:36.009" endtime="20221103 01:44:36.009"/>
</kw>
<status status="FAIL" starttime="20221103 01:44:34.265" endtime="20221103 01:44:36.011"/>
</kw>
<status status="FAIL" starttime="20221103 01:44:34.263" endtime="20221103 01:44:36.012"/>
</kw>
<kw name="When user &quot;demo&quot; logs in with password &quot;mode&quot;" sourcename="User &quot;${username}&quot; logs in with password &quot;${password}&quot;">
<status status="NOT RUN" starttime="20221103 01:44:36.014" endtime="20221103 01:44:36.015"/>
</kw>
<kw name="Then welcome page should be open" library="resource">
<status status="NOT RUN" starttime="20221103 01:44:36.016" endtime="20221103 01:44:36.016"/>
</kw>
<kw name="Close Browser" library="SeleniumLibrary" type="TEARDOWN">
<doc>Closes the current browser.</doc>
<status status="PASS" starttime="20221103 01:44:36.019" endtime="20221103 01:44:36.020"/>
</kw>
<status status="FAIL" starttime="20221103 01:44:34.258" endtime="20221103 01:44:36.021">WebDriverException: Message: unknown error: Chrome failed to start: exited abnormally.
  (chrome not reachable)
  (The process started from chrome location /usr/lib/chromium/chrome is no longer running, so ChromeDriver is assuming that Chrome has crashed.)
</status>
</test>
<doc>A test suite with a single Gherkin style test.

This test is functionally identical to the example in
valid_login.robot file.</doc>
<status status="FAIL" starttime="20221103 01:44:33.105" endtime="20221103 01:44:36.026"/>
</suite>
<suite id="s1-s1-s2" name="Invalid Login" source="/src/login_tests/invalid_login.robot">
<kw name="Open Browser To Login Page" library="resource" type="SETUP">
<kw name="Open Browser" library="SeleniumLibrary">
<arg>${LOGIN URL}</arg>
<arg>${BROWSER}</arg>
<arg>options=add_argument("--remote-debugging-port=9515");add_argument("--disable-web-shm-using");add_argument("--no-sandbox");add_argument("--disable-popup-blocking"); add_argument("--ignore-certificate-errors")</arg>
<doc>Opens a new browser instance to the optional ``url``.</doc>
<msg timestamp="20221103 01:44:36.065" level="INFO">Opening browser 'Chrome' to base url 'http://google.com/'.</msg>
<msg timestamp="20221103 01:44:37.713" level="INFO">Cannot capture screenshot because no browser is open.</msg>
<msg timestamp="20221103 01:44:37.715" level="FAIL">WebDriverException: Message: unknown error: Chrome failed to start: exited abnormally.
  (chrome not reachable)
  (The process started from chrome location /usr/lib/chromium/chrome is no longer running, so ChromeDriver is assuming that Chrome has crashed.)
</msg>
<status status="FAIL" starttime="20221103 01:44:36.058" endtime="20221103 01:44:37.718"/>
</kw>
<kw name="Maximize Browser Window" library="SeleniumLibrary">
<doc>Maximizes current browser window.</doc>
<status status="NOT RUN" starttime="20221103 01:44:37.719" endtime="20221103 01:44:37.720"/>
</kw>
<kw name="Set Selenium Speed" library="SeleniumLibrary">
<arg>${DELAY}</arg>
<doc>Sets the delay that is waited after each Selenium command.</doc>
<status status="NOT RUN" starttime="20221103 01:44:37.721" endtime="20221103 01:44:37.721"/>
</kw>
<kw name="Login Page Should Be Open" library="resource">
<status status="NOT RUN" starttime="20221103 01:44:37.722" endtime="20221103 01:44:37.723"/>
</kw>
<status status="FAIL" starttime="20221103 01:44:36.057" endtime="20221103 01:44:37.724"/>
</kw>
<test id="s1-s1-s2-t1" name="Invalid Username" line="17">
<status status="FAIL" starttime="20221103 01:44:37.725" endtime="20221103 01:44:37.730">Parent suite setup failed:
WebDriverException: Message: unknown error: Chrome failed to start: exited abnormally.
  (chrome not reachable)
  (The process started from chrome location /usr/lib/chromium/chrome is no longer running, so ChromeDriver is assuming that Chrome has crashed.)
</status>
</test>
<test id="s1-s1-s2-t2" name="Invalid Password" line="18">
<status status="FAIL" starttime="20221103 01:44:37.734" endtime="20221103 01:44:37.737">Parent suite setup failed:
WebDriverException: Message: unknown error: Chrome failed to start: exited abnormally.
  (chrome not reachable)
  (The process started from chrome location /usr/lib/chromium/chrome is no longer running, so ChromeDriver is assuming that Chrome has crashed.)
</status>
</test>
<test id="s1-s1-s2-t3" name="Invalid Username And Password" line="19">
<status status="FAIL" starttime="20221103 01:44:37.740" endtime="20221103 01:44:37.743">Parent suite setup failed:
WebDriverException: Message: unknown error: Chrome failed to start: exited abnormally.
  (chrome not reachable)
  (The process started from chrome location /usr/lib/chromium/chrome is no longer running, so ChromeDriver is assuming that Chrome has crashed.)
</status>
</test>
<test id="s1-s1-s2-t4" name="Empty Username" line="20">
<status status="FAIL" starttime="20221103 01:44:37.746" endtime="20221103 01:44:37.749">Parent suite setup failed:
WebDriverException: Message: unknown error: Chrome failed to start: exited abnormally.
  (chrome not reachable)
  (The process started from chrome location /usr/lib/chromium/chrome is no longer running, so ChromeDriver is assuming that Chrome has crashed.)
</status>
</test>
<test id="s1-s1-s2-t5" name="Empty Password" line="21">
<status status="FAIL" starttime="20221103 01:44:37.752" endtime="20221103 01:44:37.755">Parent suite setup failed:
WebDriverException: Message: unknown error: Chrome failed to start: exited abnormally.
  (chrome not reachable)
  (The process started from chrome location /usr/lib/chromium/chrome is no longer running, so ChromeDriver is assuming that Chrome has crashed.)
</status>
</test>
<test id="s1-s1-s2-t6" name="Empty Username And Password" line="22">
<status status="FAIL" starttime="20221103 01:44:37.758" endtime="20221103 01:44:37.761">Parent suite setup failed:
WebDriverException: Message: unknown error: Chrome failed to start: exited abnormally.
  (chrome not reachable)
  (The process started from chrome location /usr/lib/chromium/chrome is no longer running, so ChromeDriver is assuming that Chrome has crashed.)
</status>
</test>
<kw name="Close Browser" library="SeleniumLibrary" type="TEARDOWN">
<doc>Closes the current browser.</doc>
<status status="PASS" starttime="20221103 01:44:37.765" endtime="20221103 01:44:37.768"/>
</kw>
<doc>A test suite containing tests related to invalid login.

These tests are data-driven by their nature. They use a single
keyword, specified with Test Template setting, that is called
with different arguments to cover different scenarios.

This suite also demonstrates using setups and teardowns in
different levels.</doc>
<status status="FAIL" starttime="20221103 01:44:36.034" endtime="20221103 01:44:37.769">Suite setup failed:
WebDriverException: Message: unknown error: Chrome failed to start: exited abnormally.
  (chrome not reachable)
  (The process started from chrome location /usr/lib/chromium/chrome is no longer running, so ChromeDriver is assuming that Chrome has crashed.)
</status>
</suite>
<suite id="s1-s1-s3" name="Valid Login" source="/src/login_tests/valid_login.robot">
<test id="s1-s1-s3-t1" name="Valid Login" line="9">
<kw name="Open Browser To Login Page" library="resource">
<kw name="Open Browser" library="SeleniumLibrary">
<arg>${LOGIN URL}</arg>
<arg>${BROWSER}</arg>
<arg>options=add_argument("--remote-debugging-port=9515");add_argument("--disable-web-shm-using");add_argument("--no-sandbox");add_argument("--disable-popup-blocking"); add_argument("--ignore-certificate-errors")</arg>
<doc>Opens a new browser instance to the optional ``url``.</doc>
<msg timestamp="20221103 01:44:37.814" level="INFO">Opening browser 'Chrome' to base url 'http://google.com/'.</msg>
<msg timestamp="20221103 01:44:39.442" level="INFO">Cannot capture screenshot because no browser is open.</msg>
<msg timestamp="20221103 01:44:39.443" level="FAIL">WebDriverException: Message: unknown error: Chrome failed to start: exited abnormally.
  (chrome not reachable)
  (The process started from chrome location /usr/lib/chromium/chrome is no longer running, so ChromeDriver is assuming that Chrome has crashed.)
</msg>
<status status="FAIL" starttime="20221103 01:44:37.807" endtime="20221103 01:44:39.446"/>
</kw>
<kw name="Maximize Browser Window" library="SeleniumLibrary">
<doc>Maximizes current browser window.</doc>
<status status="NOT RUN" starttime="20221103 01:44:39.447" endtime="20221103 01:44:39.448"/>
</kw>
<kw name="Set Selenium Speed" library="SeleniumLibrary">
<arg>${DELAY}</arg>
<doc>Sets the delay that is waited after each Selenium command.</doc>
<status status="NOT RUN" starttime="20221103 01:44:39.449" endtime="20221103 01:44:39.449"/>
</kw>
<kw name="Login Page Should Be Open" library="resource">
<status status="NOT RUN" starttime="20221103 01:44:39.450" endtime="20221103 01:44:39.451"/>
</kw>
<status status="FAIL" starttime="20221103 01:44:37.805" endtime="20221103 01:44:39.452"/>
</kw>
<kw name="Input Username" library="resource">
<arg>demo</arg>
<status status="NOT RUN" starttime="20221103 01:44:39.454" endtime="20221103 01:44:39.454"/>
</kw>
<kw name="Input Password" library="resource">
<arg>mode</arg>
<status status="NOT RUN" starttime="20221103 01:44:39.456" endtime="20221103 01:44:39.456"/>
</kw>
<kw name="Submit Credentials" library="resource">
<status status="NOT RUN" starttime="20221103 01:44:39.458" endtime="20221103 01:44:39.458"/>
</kw>
<kw name="Welcome Page Should Be Open" library="resource">
<status status="NOT RUN" starttime="20221103 01:44:39.459" endtime="20221103 01:44:39.460"/>
</kw>
<kw name="Close Browser" library="SeleniumLibrary" type="TEARDOWN">
<doc>Closes the current browser.</doc>
<status status="PASS" starttime="20221103 01:44:39.462" endtime="20221103 01:44:39.463"/>
</kw>
<status status="FAIL" starttime="20221103 01:44:37.802" endtime="20221103 01:44:39.464">WebDriverException: Message: unknown error: Chrome failed to start: exited abnormally.
  (chrome not reachable)
  (The process started from chrome location /usr/lib/chromium/chrome is no longer running, so ChromeDriver is assuming that Chrome has crashed.)
</status>
</test>
<doc>A test suite with a single test for valid login.

This test has a workflow that is created using keywords in
the imported resource file.</doc>
<status status="FAIL" starttime="20221103 01:44:37.779" endtime="20221103 01:44:39.469"/>
</suite>
<status status="FAIL" starttime="20221103 01:44:33.095" endtime="20221103 01:44:39.480"/>
</suite>
<suite id="s1-s2" name="Test" source="/src/test.robot">
<test id="s1-s2-t1" name="Test Robot Framework Logging" line="4">
<kw name="Log" library="BuiltIn">
<arg>"Test Logging"</arg>
<doc>Logs the given message with the given level.</doc>
<msg timestamp="20221103 01:44:39.506" level="INFO">"Test Logging"</msg>
<status status="PASS" starttime="20221103 01:44:39.504" endtime="20221103 01:44:39.506"/>
</kw>
<status status="PASS" starttime="20221103 01:44:39.502" endtime="20221103 01:44:39.507"/>
</test>
<status status="PASS" starttime="20221103 01:44:39.488" endtime="20221103 01:44:39.510"/>
</suite>
<status status="FAIL" starttime="20221103 01:44:32.936" endtime="20221103 01:44:39.518"/>
</suite>
<statistics>
<total>
<stat pass="1" fail="8" skip="0">All Tests</stat>
</total>
<tag>
</tag>
<suite>
<stat pass="1" fail="8" skip="0" id="s1" name="Src">Src</stat>
<stat pass="0" fail="8" skip="0" id="s1-s1" name="Login Tests">Src.Login Tests</stat>
<stat pass="0" fail="1" skip="0" id="s1-s1-s1" name="Gherkin Login">Src.Login Tests.Gherkin Login</stat>
<stat pass="0" fail="6" skip="0" id="s1-s1-s2" name="Invalid Login">Src.Login Tests.Invalid Login</stat>
<stat pass="0" fail="1" skip="0" id="s1-s1-s3" name="Valid Login">Src.Login Tests.Valid Login</stat>
<stat pass="1" fail="0" skip="0" id="s1-s2" name="Test">Src.Test</stat>
</suite>
</statistics>
<errors>
</errors>
</robot>
